   ------------------------------------------------------------------
  | Welcome to ROOT 6.24/06                        https://root.cern |
  | (c) 1995-2021, The ROOT Team; conception: R. Brun, F. Rademakers |
  | Built for linuxx8664gcc on Sep 02 2021, 14:20:23                 |
  | From tags/v6-24-06@v6-24-06                                      |
  | With g++ (GCC) 4.8.5 20150623 (Red Hat 4.8.5-11)                 |
  | Try '.help', '.demo', '.license', '.credits', '.quit'/'.q'       |
   ------------------------------------------------------------------

cling::DynamicLibraryManager::loadLibrary(): /afs/rhic.bnl.gov/star/packages/release1/SL24b/.sl73_gcc485/obj/StRoot/StarClassLibrary/StarClassLibrary.so: wrong ELF class: ELFCLASS32
cling::DynamicLibraryManager::loadLibrary(): /afs/rhic.bnl.gov/star/packages/release1/SL24b/.sl73_gcc485/obj/StRoot/StarRoot/StarRoot.so: wrong ELF class: ELFCLASS32
 *** Start at Date : Fri Mar  6 23:53:57 2026

Processing main_Analysis_SE.C...
i_file=0
i_event=0
i_event=10000
i_event=20000
i_event=30000
i_event=40000
i_event=50000
i_event=60000
i_event=70000
i_event=80000
i_event=90000
i_event=100000
i_event=110000
i_event=120000
i_event=130000
i_event=140000
i_event=150000
i_event=160000
i_event=170000
i_event=180000
i_event=190000
i_event=200000
i_event=210000
i_event=220000
i_event=230000
i_event=240000
i_event=250000
i_event=260000
i_event=270000
i_event=280000
i_event=290000
i_event=300000
i_event=310000
i_event=320000
i_event=330000
i_event=340000
i_event=350000
i_event=360000
i_event=370000
i_event=380000
i_event=390000
i_event=400000
i_event=410000
i_event=420000
i_event=430000
i_event=440000
i_event=450000
i_event=460000
i_event=470000
i_event=480000
i_event=490000
i_event=500000
i_event=510000
i_event=520000
i_event=530000
i_event=540000
i_event=550000
i_event=560000
i_event=570000
i_event=580000
i_event=590000
i_event=600000
i_event=610000
i_event=620000
i_event=630000
i_event=640000
i_event=650000
i_event=660000
i_event=670000
i_event=680000
i_event=690000
i_event=700000
i_event=710000
i_event=720000
i_event=730000
i_event=740000
i_event=750000
i_event=760000
i_event=770000
i_event=780000
i_event=790000
i_event=800000
i_event=810000
i_event=820000
i_event=830000
i_event=840000
i_event=850000
i_event=860000
i_event=870000
i_event=880000
i_event=890000
i_event=900000
i_event=910000
i_event=920000
i_event=930000
i_event=940000
i_event=950000
i_event=960000
i_event=970000
i_event=980000
i_event=990000
i_file=1
i_event=0
i_event=10000
i_event=20000
i_event=30000
i_event=40000
i_event=50000
i_event=60000
i_event=70000
i_event=80000
i_event=90000
i_event=100000
i_event=110000
i_event=120000
i_event=130000
i_event=140000
i_event=150000
i_event=160000
i_event=170000
i_event=180000
i_event=190000
i_event=200000
i_event=210000
i_event=220000
i_event=230000
i_event=240000
i_event=250000
i_event=260000
i_event=270000
i_event=280000
i_event=290000
i_event=300000
i_event=310000
i_event=320000
i_event=330000
i_event=340000
i_event=350000
i_event=360000
i_event=370000
i_event=380000
i_event=390000
i_event=400000
i_event=410000
i_event=420000
i_event=430000
i_event=440000
i_event=450000
i_event=460000
i_event=470000
i_event=480000
i_event=490000
i_event=500000
i_event=510000
i_event=520000
i_event=530000
i_event=540000
i_event=550000
i_event=560000
i_event=570000
i_event=580000
i_event=590000
i_event=600000
i_event=610000
i_event=620000
i_event=630000
i_event=640000
i_event=650000
i_event=660000
i_event=670000
i_event=680000
i_event=690000
i_event=700000
i_event=710000
i_event=720000
i_event=730000
i_event=740000
i_event=750000
i_event=760000
i_event=770000
i_event=780000
i_event=790000
i_event=800000
i_event=810000
i_event=820000
i_event=830000
i_event=840000
i_event=850000
i_event=860000
i_event=870000
i_event=880000
i_event=890000
i_event=900000
i_event=910000
i_event=920000
i_event=930000
i_event=940000
i_event=950000
i_event=960000
i_event=970000
i_event=980000
i_event=990000
i_file=2
i_event=0
i_event=10000
i_event=20000
i_event=30000
i_event=40000
i_event=50000
i_event=60000
i_event=70000
i_event=80000
i_event=90000
i_event=100000
i_event=110000
i_event=120000
i_event=130000
i_event=140000
i_event=150000
i_event=160000
i_event=170000
i_event=180000
i_event=190000
i_event=200000
i_event=210000
i_event=220000
i_event=230000
i_event=240000
i_event=250000
i_event=260000
i_event=270000
i_event=280000
i_event=290000
i_event=300000
i_event=310000
i_event=320000
i_event=330000
i_event=340000
i_event=350000
i_event=360000
i_event=370000
i_event=380000
i_event=390000
i_event=400000
i_event=410000
i_event=420000
i_event=430000
i_event=440000
i_event=450000
i_event=460000
i_event=470000
i_event=480000
i_event=490000
i_event=500000
i_event=510000
i_event=520000
i_event=530000
i_event=540000
i_event=550000
i_event=560000
i_event=570000
i_event=580000
i_event=590000
i_event=600000
i_event=610000
i_event=620000
i_event=630000
i_event=640000
i_event=650000
i_event=660000
i_event=670000
i_event=680000
i_event=690000
i_event=700000
i_event=710000
i_event=720000
i_event=730000
i_event=740000
i_event=750000
i_event=760000
i_event=770000
i_event=780000
i_event=790000
i_event=800000
i_event=810000
i_event=820000
i_event=830000
i_event=840000
i_event=850000
i_event=860000
i_event=870000
i_event=880000
i_event=890000
i_event=900000
i_event=910000
i_event=920000
i_event=930000
i_event=940000
i_event=950000
i_event=960000
i_event=970000
i_event=980000
i_event=990000
i_file=3
i_event=0
i_event=10000
i_event=20000
i_event=30000
i_event=40000
i_event=50000
i_event=60000
i_event=70000
i_event=80000
i_event=90000
i_event=100000
i_event=110000
i_event=120000
i_event=130000
i_event=140000
i_event=150000
i_event=160000
i_event=170000
i_event=180000
i_event=190000
i_event=200000
i_event=210000
i_event=220000
i_event=230000
i_event=240000
i_event=250000
i_event=260000
i_event=270000
i_event=280000
i_event=290000
i_event=300000
i_event=310000
i_event=320000
i_event=330000
i_event=340000
i_event=350000
i_event=360000
i_event=370000
i_event=380000
i_event=390000
i_event=400000
i_event=410000
i_event=420000
i_event=430000
i_event=440000
i_event=450000
i_event=460000
i_event=470000
i_event=480000
i_event=490000
i_event=500000
i_event=510000
i_event=520000
i_event=530000
i_event=540000
i_event=550000
i_event=560000
i_event=570000
i_event=580000
i_event=590000
i_event=600000
i_event=610000
i_event=620000
i_event=630000
i_event=640000
i_event=650000
i_event=660000
i_event=670000
i_event=680000
i_event=690000
i_event=700000
i_event=710000
i_event=720000
i_event=730000
i_event=740000
i_event=750000
i_event=760000
i_event=770000
i_event=780000
i_event=790000
i_event=800000
i_event=810000
i_event=820000
i_event=830000
i_event=840000
i_event=850000
i_event=860000
i_event=870000
i_event=880000
i_event=890000
i_event=900000
i_event=910000
i_event=920000
i_event=930000
i_event=940000
i_event=950000
i_event=960000
i_event=970000
i_event=980000
i_event=990000
i_file=4
i_event=0
i_event=10000
i_event=20000
i_event=30000
i_event=40000
i_event=50000
i_event=60000
i_event=70000
i_event=80000
i_event=90000
i_event=100000
i_event=110000
i_event=120000
i_event=130000
i_event=140000
i_event=150000
i_event=160000
i_event=170000
i_event=180000
i_event=190000
i_event=200000
i_event=210000
i_event=220000
i_event=230000
i_event=240000
i_event=250000
i_event=260000
i_event=270000
i_event=280000
i_event=290000
i_event=300000
i_event=310000
i_event=320000
i_event=330000
i_event=340000
i_event=350000
i_event=360000
i_event=370000
i_event=380000
i_event=390000
i_event=400000
i_event=410000
i_event=420000
i_event=430000
i_event=440000
i_event=450000
i_event=460000
i_event=470000
i_event=480000
i_event=490000
i_event=500000
i_event=510000
i_event=520000
i_event=530000
i_event=540000
i_event=550000
i_event=560000
i_event=570000
i_event=580000
i_event=590000
i_event=600000
i_event=610000
i_event=620000
i_event=630000
i_event=640000
i_event=650000
i_event=660000
i_event=670000
i_event=680000
i_event=690000
i_event=700000
i_event=710000
i_event=720000
i_event=730000
i_event=740000
i_event=750000
i_event=760000
i_event=770000
i_event=780000
i_event=790000
i_event=800000
i_event=810000
i_event=820000
i_event=830000
i_event=840000
i_event=850000
i_event=860000
i_event=870000
i_event=880000
i_event=890000
i_event=900000
i_event=910000
i_event=920000
i_event=930000
i_event=940000
i_event=950000
i_event=960000
i_event=970000
i_event=980000
i_event=990000
i_file=5
i_event=0
i_event=10000
i_event=20000
i_event=30000
i_event=40000
i_event=50000
i_event=60000
i_event=70000
i_event=80000
i_event=90000
i_event=100000
i_event=110000
i_event=120000
i_event=130000
i_event=140000
i_event=150000
i_event=160000
i_event=170000
i_event=180000
i_event=190000
i_event=200000
i_event=210000
i_event=220000
i_event=230000
i_file=6
i_event=0
i_event=10000
i_event=20000
i_event=30000
i_event=40000
i_event=50000
i_event=60000
i_event=70000
i_event=80000
i_event=90000
i_event=100000
i_event=110000
i_event=120000
i_event=130000
i_event=140000
i_event=150000
i_event=160000
i_event=170000
i_event=180000
i_event=190000
i_event=200000
i_event=210000
i_event=220000
i_event=230000
i_event=240000
i_event=250000
i_event=260000
i_event=270000
i_event=280000
i_event=290000
i_event=300000
i_event=310000
i_event=320000
i_event=330000
i_event=340000
i_event=350000
i_event=360000
i_event=370000
i_event=380000
i_event=390000
i_event=400000
i_event=410000
i_event=420000
i_event=430000
i_event=440000
i_event=450000
i_event=460000
i_event=470000
i_event=480000
i_event=490000
i_event=500000
i_event=510000
i_event=520000
i_event=530000
i_event=540000
i_event=550000
i_event=560000
i_event=570000
i_event=580000
i_event=590000
i_event=600000
i_event=610000
i_event=620000
i_event=630000
i_event=640000
i_event=650000
i_event=660000
i_event=670000
i_event=680000
i_event=690000
i_event=700000
i_event=710000
i_event=720000
i_event=730000
i_event=740000
i_event=750000
i_event=760000
i_event=770000
i_event=780000
i_event=790000
i_event=800000
i_event=810000
i_event=820000
i_event=830000
i_event=840000
i_event=850000
i_event=860000
i_event=870000
i_event=880000
i_event=890000
i_event=900000
i_event=910000
i_event=920000
i_event=930000
i_event=940000
i_event=950000
i_event=960000
i_event=970000
i_event=980000
i_event=990000
i_file=7
i_event=0
i_event=10000
i_event=20000
i_event=30000
i_event=40000
i_event=50000
i_event=60000
i_event=70000
i_event=80000
i_event=90000
i_event=100000
i_event=110000
i_event=120000
i_event=130000
i_event=140000
i_event=150000
i_event=160000
i_event=170000
i_event=180000
i_event=190000
i_event=200000
i_event=210000
i_event=220000
i_event=230000
i_event=240000
i_event=250000
i_event=260000
i_event=270000
i_event=280000
i_event=290000
i_event=300000
i_event=310000
i_event=320000
i_event=330000
i_event=340000
i_event=350000
i_event=360000
i_event=370000
i_event=380000
i_event=390000
i_event=400000
i_event=410000
i_event=420000
i_event=430000
i_event=440000
i_event=450000
i_event=460000
i_event=470000
i_event=480000
i_event=490000
i_event=500000
i_event=510000
i_event=520000
i_event=530000
i_event=540000
i_event=550000
i_event=560000
i_event=570000
i_event=580000
i_event=590000
i_event=600000
i_event=610000
i_event=620000
i_event=630000
i_event=640000
i_event=650000
i_event=660000
i_event=670000
i_event=680000
i_event=690000
i_event=700000
i_event=710000
i_event=720000
i_event=730000
i_event=740000
i_event=750000
i_event=760000
i_event=770000
i_event=780000
i_event=790000
i_event=800000
i_event=810000
i_event=820000
i_event=830000
i_event=840000
i_event=850000
i_event=860000
i_event=870000
i_event=880000
i_event=890000
i_event=900000
i_event=910000
i_event=920000
i_event=930000
i_event=940000
i_event=950000
i_event=960000
i_event=970000
i_event=980000
i_event=990000
i_file=8
i_event=0
i_event=10000
i_event=20000
i_event=30000
i_event=40000
i_event=50000
i_event=60000
i_event=70000
i_event=80000
i_event=90000
i_event=100000
i_event=110000
i_event=120000
i_event=130000
i_event=140000
i_event=150000
i_event=160000
i_event=170000
i_event=180000
i_event=190000
i_event=200000
i_event=210000
i_event=220000
i_event=230000
i_event=240000
i_event=250000
i_event=260000
i_event=270000
i_event=280000
i_event=290000
i_event=300000
i_event=310000
i_event=320000
i_event=330000
i_event=340000
i_event=350000
i_event=360000
i_event=370000
i_event=380000
i_event=390000
i_event=400000
i_event=410000
i_event=420000
i_event=430000
i_event=440000
i_event=450000
i_event=460000
i_event=470000
i_event=480000
i_event=490000
i_event=500000
i_event=510000
i_event=520000
i_event=530000
i_event=540000
i_event=550000
i_event=560000
i_event=570000
i_event=580000
i_event=590000
i_event=600000
i_event=610000
i_event=620000
i_event=630000
i_event=640000
i_event=650000
i_event=660000
i_event=670000
i_event=680000
i_event=690000
i_event=700000
i_event=710000
i_event=720000
i_event=730000
i_event=740000
i_event=750000
i_event=760000
i_event=770000
i_event=780000
i_event=790000
i_event=800000
i_event=810000
i_event=820000
i_event=830000
i_event=840000
i_event=850000
i_event=860000
i_event=870000
i_event=880000
i_event=890000
i_event=900000
i_event=910000
i_event=920000
i_event=930000
i_event=940000
i_event=950000
i_event=960000
i_event=970000
i_event=980000
i_event=990000
i_file=9
i_event=0
i_event=10000
i_event=20000
i_event=30000
i_event=40000
i_event=50000
i_event=60000
i_event=70000
i_event=80000
i_event=90000
i_event=100000
i_event=110000
i_event=120000
i_event=130000
i_event=140000
i_event=150000
i_event=160000
i_event=170000
i_event=180000
i_event=190000
i_event=200000
i_event=210000
i_event=220000
i_event=230000
i_event=240000
i_event=250000
i_event=260000
i_event=270000
i_event=280000
i_event=290000
i_event=300000
i_event=310000
i_event=320000
i_event=330000
i_event=340000
i_event=350000
i_event=360000
i_event=370000
i_event=380000
i_event=390000
i_event=400000
i_event=410000
i_event=420000
i_event=430000
i_event=440000
i_event=450000
i_event=460000
i_event=470000
i_event=480000
i_event=490000
i_event=500000
i_event=510000
i_event=520000
i_event=530000
i_event=540000
i_event=550000
i_event=560000
i_event=570000
i_event=580000
i_event=590000
i_event=600000
i_event=610000
i_event=620000
i_event=630000
i_event=640000
i_event=650000
i_event=660000
i_event=670000
i_event=680000
i_event=690000
i_event=700000
i_event=710000
i_event=720000
i_event=730000
i_event=740000
i_event=750000
i_event=760000
i_event=770000
i_event=780000
i_event=790000
i_event=800000
i_event=810000
i_event=820000
i_event=830000
i_event=840000
i_event=850000
i_event=860000
i_event=870000
i_event=880000
i_event=890000
i_event=900000
i_event=910000
i_event=920000
i_event=930000
i_event=940000
i_event=950000
i_event=960000
i_event=970000
i_event=980000
i_event=990000
i_file=10
i_event=0
i_event=10000
i_event=20000
i_event=30000
i_event=40000
i_event=50000
i_event=60000
i_event=70000
i_event=80000
i_event=90000
i_event=100000
i_event=110000
i_event=120000
i_event=130000
i_event=140000
i_event=150000
i_event=160000
i_event=170000
i_event=180000
i_event=190000
i_event=200000
i_event=210000
i_event=220000
i_event=230000
i_event=240000
i_event=250000
i_event=260000
i_event=270000
i_event=280000
i_event=290000
i_event=300000
i_event=310000
i_event=320000
i_event=330000
i_event=340000
i_event=350000
i_event=360000
i_event=370000
i_event=380000
i_event=390000
i_event=400000
i_event=410000
i_event=420000
i_event=430000
i_event=440000
i_event=450000
i_event=460000
i_event=470000
i_event=480000
i_event=490000
i_event=500000
i_event=510000
i_event=520000
i_event=530000
i_event=540000
i_event=550000
i_event=560000
i_event=570000
i_event=580000
i_event=590000
i_event=600000
i_event=610000
i_event=620000
i_event=630000
i_event=640000
i_event=650000
i_event=660000
i_event=670000
i_event=680000
i_event=690000
i_event=700000
i_event=710000
i_event=720000
i_event=730000
i_event=740000
i_event=750000
i_event=760000
i_event=770000
i_event=780000
i_event=790000
i_event=800000
i_event=810000
i_event=820000
i_event=830000
i_event=840000
i_event=850000
i_event=860000
i_event=870000
i_event=880000
i_event=890000
i_event=900000
i_event=910000
i_event=920000
i_event=930000
i_event=940000
i_event=950000
i_event=960000
i_event=970000
i_event=980000
i_event=990000
i_file=11
i_event=0
i_event=10000
i_event=20000
i_event=30000
i_event=40000
i_event=50000
i_event=60000
i_event=70000
i_event=80000
i_event=90000
i_event=100000
i_event=110000
i_event=120000
i_event=130000
i_event=140000
i_event=150000
i_event=160000
i_event=170000
i_event=180000
i_event=190000
i_event=200000
i_event=210000
i_event=220000
i_event=230000
i_event=240000
i_event=250000
i_event=260000
i_event=270000
i_event=280000
i_event=290000
i_event=300000
i_event=310000
i_event=320000
i_event=330000
i_event=340000
i_event=350000
i_event=360000
i_event=370000
i_event=380000
i_event=390000
i_event=400000
i_event=410000
i_event=420000
i_event=430000
i_event=440000
i_event=450000
i_event=460000
i_event=470000
i_event=480000
i_event=490000
i_event=500000
i_event=510000
i_event=520000
i_event=530000
i_event=540000
i_event=550000
i_event=560000
i_event=570000
i_event=580000
i_event=590000
i_event=600000
i_event=610000
i_event=620000
i_event=630000
i_event=640000
i_event=650000
i_event=660000
i_event=670000
i_event=680000
i_event=690000
i_event=700000
i_event=710000
i_event=720000
i_event=730000
i_event=740000
i_event=750000
i_event=760000
i_event=770000
i_event=780000
i_event=790000
i_event=800000
i_file=12
i_event=0
i_event=10000
i_event=20000
i_event=30000
i_event=40000
i_event=50000
i_event=60000
i_event=70000
i_event=80000
i_event=90000
i_event=100000
i_event=110000
i_event=120000
i_event=130000
i_event=140000
i_event=150000
i_event=160000
i_event=170000
i_event=180000
i_event=190000
i_event=200000
i_event=210000
i_event=220000
i_event=230000
i_event=240000
i_event=250000
i_event=260000
i_event=270000
i_event=280000
i_event=290000
i_event=300000
i_event=310000
i_event=320000
i_event=330000
i_event=340000
i_event=350000
i_event=360000
i_event=370000
i_event=380000
i_event=390000
i_event=400000
i_event=410000
i_event=420000
i_event=430000
i_event=440000
i_event=450000
i_event=460000
i_event=470000
i_event=480000
i_event=490000
i_event=500000
i_event=510000
i_event=520000
i_event=530000
i_event=540000
i_event=550000
i_event=560000
i_event=570000
i_event=580000
i_event=590000
i_event=600000
i_event=610000
i_event=620000
i_event=630000
i_event=640000
i_event=650000
i_event=660000
i_event=670000
i_event=680000
i_event=690000
i_event=700000
i_event=710000
i_event=720000
i_event=730000
i_event=740000
i_event=750000
i_event=760000
i_event=770000
i_event=780000
i_event=790000
i_event=800000
i_event=810000
i_event=820000
i_event=830000
i_event=840000
i_event=850000
i_event=860000
i_event=870000
i_event=880000
i_event=890000
i_event=900000
i_event=910000
i_event=920000
i_event=930000
i_event=940000
i_event=950000
i_event=960000
i_event=970000
i_event=980000
i_event=990000
i_file=13
i_event=0
i_event=10000
i_event=20000
i_event=30000
i_event=40000
i_event=50000
i_event=60000
i_event=70000
i_event=80000
i_event=90000
i_event=100000
i_event=110000
i_event=120000
i_event=130000
i_event=140000
i_event=150000
i_event=160000
i_event=170000
i_event=180000
i_event=190000
i_event=200000
i_event=210000
i_event=220000
i_event=230000
i_event=240000
i_event=250000
i_event=260000
i_event=270000
i_event=280000
i_event=290000
i_event=300000
i_event=310000
i_event=320000
i_event=330000
i_event=340000
i_event=350000
i_event=360000
i_event=370000
i_event=380000
i_event=390000
i_event=400000
i_event=410000
i_event=420000
i_event=430000
i_event=440000
i_event=450000
i_event=460000
i_event=470000
i_event=480000
i_event=490000
i_event=500000
i_event=510000
i_event=520000
i_event=530000
i_event=540000
i_event=550000
i_event=560000
i_event=570000
i_event=580000
i_event=590000
i_event=600000
i_event=610000
i_event=620000
i_event=630000
i_event=640000
i_event=650000
i_event=660000
i_event=670000
i_event=680000
i_event=690000
i_event=700000
i_event=710000
i_event=720000
i_event=730000
i_event=740000
i_event=750000
i_event=760000
i_event=770000
i_event=780000
i_event=790000
i_event=800000
i_event=810000
i_event=820000
i_event=830000
i_event=840000
i_event=850000
i_event=860000
i_event=870000
i_event=880000
i_event=890000
i_event=900000
i_event=910000
i_event=920000
i_event=930000
i_event=940000
i_event=950000
i_event=960000
i_event=970000
i_event=980000
i_event=990000
i_file=14
i_event=0
i_event=10000
i_event=20000
i_event=30000
i_event=40000
i_event=50000
i_event=60000
i_event=70000
i_event=80000
i_event=90000
i_event=100000
i_event=110000
i_event=120000
i_event=130000
i_event=140000
i_event=150000
i_event=160000
i_event=170000
i_event=180000
i_event=190000
i_event=200000
i_event=210000
i_event=220000
i_event=230000
i_event=240000
i_event=250000
i_event=260000
i_event=270000
i_event=280000
i_event=290000
i_event=300000
i_event=310000
i_event=320000
i_event=330000
i_event=340000
i_event=350000
i_event=360000
i_event=370000
i_event=380000
i_event=390000
i_event=400000
i_event=410000
i_event=420000
i_event=430000
i_event=440000
i_event=450000
i_event=460000
i_event=470000
i_event=480000
i_event=490000
i_event=500000
i_event=510000
i_event=520000
i_event=530000
i_event=540000
i_event=550000
i_event=560000
i_event=570000
i_event=580000
i_event=590000
i_event=600000
i_event=610000
i_event=620000
i_event=630000
i_event=640000
i_event=650000
i_event=660000
i_event=670000
i_event=680000
i_event=690000
i_event=700000
i_event=710000
i_event=720000
i_event=730000
i_event=740000
i_event=750000
i_event=760000
i_event=770000
i_event=780000
i_event=790000
i_event=800000
i_event=810000
i_event=820000
i_event=830000
i_event=840000
i_event=850000
i_event=860000
i_event=870000
i_event=880000
i_event=890000
i_event=900000
i_event=910000
i_event=920000
i_event=930000
i_event=940000
i_event=950000
i_event=960000
i_event=970000
i_event=980000
i_event=990000
i_file=15
i_event=0
i_event=10000
i_event=20000
i_event=30000
i_event=40000
i_event=50000
i_event=60000
i_event=70000
i_event=80000
i_event=90000
i_event=100000
i_event=110000
i_event=120000
i_event=130000
i_event=140000
i_event=150000
i_event=160000
i_event=170000
i_event=180000
i_event=190000
i_event=200000
i_event=210000
i_event=220000
i_event=230000
i_event=240000
i_event=250000
i_event=260000
i_event=270000
i_event=280000
i_event=290000
i_event=300000
i_event=310000
i_event=320000
i_event=330000
i_event=340000
i_event=350000
i_event=360000
i_event=370000
i_event=380000
i_event=390000
i_event=400000
i_event=410000
i_event=420000
i_event=430000
i_event=440000
i_event=450000
i_event=460000
i_event=470000
i_event=480000
i_event=490000
i_event=500000
i_event=510000
i_event=520000
i_event=530000
i_event=540000
i_event=550000
i_event=560000
i_event=570000
i_event=580000
i_event=590000
i_event=600000
i_event=610000
i_event=620000
i_event=630000
i_event=640000
i_event=650000
i_event=660000
i_event=670000
i_event=680000
i_event=690000
i_event=700000
i_event=710000
i_event=720000
i_event=730000
i_event=740000
i_event=750000
i_event=760000
i_event=770000
i_event=780000
i_event=790000
i_event=800000
i_event=810000
i_event=820000
i_event=830000
i_event=840000
i_event=850000
i_event=860000
i_event=870000
i_event=880000
i_event=890000
i_event=900000
i_event=910000
i_event=920000
i_event=930000
i_event=940000
i_event=950000
i_event=960000
i_event=970000
i_event=980000
i_event=990000
i_file=16
i_event=0
i_event=10000
i_event=20000
i_event=30000
i_event=40000
i_event=50000
i_event=60000
i_event=70000
i_event=80000
i_event=90000
i_event=100000
i_event=110000
i_event=120000
i_event=130000
i_event=140000
i_event=150000
i_event=160000
i_event=170000
i_event=180000
i_event=190000
i_event=200000
i_event=210000
i_event=220000
i_event=230000
i_event=240000
i_event=250000
i_event=260000
i_event=270000
i_event=280000
i_event=290000
i_event=300000
i_event=310000
i_event=320000
i_event=330000
i_event=340000
i_event=350000
i_event=360000
i_event=370000
i_event=380000
i_event=390000
i_event=400000
i_event=410000
i_event=420000
i_event=430000
i_event=440000
i_event=450000
i_event=460000
i_event=470000
i_event=480000
i_event=490000
i_event=500000
i_event=510000
i_event=520000
i_event=530000
i_event=540000
i_event=550000
i_event=560000
i_event=570000
i_event=580000
i_event=590000
i_event=600000
i_event=610000
i_event=620000
i_event=630000
i_event=640000
i_event=650000
i_event=660000
i_event=670000
i_event=680000
i_event=690000
i_event=700000
i_event=710000
i_event=720000
i_event=730000
i_event=740000
i_event=750000
i_event=760000
i_event=770000
i_event=780000
i_event=790000
i_event=800000
i_event=810000
i_event=820000
i_event=830000
i_event=840000
i_event=850000
i_event=860000
i_event=870000
i_event=880000
i_event=890000
i_event=900000
i_event=910000
i_event=920000
i_event=930000
i_event=940000
i_event=950000
i_event=960000
i_event=970000
i_event=980000
i_event=990000
i_file=17
i_event=0
i_event=10000
i_event=20000
i_event=30000
i_event=40000
i_event=50000
i_event=60000
i_event=70000
i_event=80000
i_event=90000
i_event=100000
i_event=110000
i_event=120000
i_event=130000
i_event=140000
i_event=150000
i_event=160000
i_event=170000
i_event=180000
i_event=190000
i_event=200000
i_event=210000
i_event=220000
i_event=230000
i_event=240000
i_event=250000
i_event=260000
i_event=270000
i_event=280000
i_event=290000
i_event=300000
i_event=310000
i_event=320000
i_event=330000
i_event=340000
i_event=350000
i_event=360000
i_event=370000
i_event=380000
i_event=390000
i_event=400000
i_event=410000
i_event=420000
i_event=430000
i_event=440000
i_event=450000
i_event=460000
i_event=470000
i_event=480000
i_event=490000
i_event=500000
i_event=510000
i_event=520000
i_event=530000
i_event=540000
i_event=550000
i_event=560000
i_event=570000
i_event=580000
i_event=590000
i_event=600000
i_event=610000
i_event=620000
i_event=630000
i_event=640000
i_event=650000
i_event=660000
i_event=670000
i_event=680000
i_event=690000
i_event=700000
i_event=710000
i_event=720000
i_event=730000
i_event=740000
i_event=750000
i_event=760000
i_event=770000
i_event=780000
i_event=790000
i_event=800000
i_event=810000
i_event=820000
i_event=830000
i_event=840000
i_event=850000
i_event=860000
i_event=870000
i_event=880000
i_event=890000
i_event=900000
i_event=910000
i_event=920000
i_event=930000
i_event=940000
i_event=950000
i_event=960000
i_event=970000
i_event=980000
i_event=990000
i_file=18
i_event=0
i_event=10000
i_event=20000
i_event=30000
i_event=40000
i_event=50000
i_event=60000
i_event=70000
i_event=80000
i_event=90000
i_event=100000
i_event=110000
i_event=120000
i_event=130000
i_event=140000
i_event=150000
i_event=160000
i_event=170000
i_event=180000
i_event=190000
i_event=200000
i_event=210000
i_event=220000
i_event=230000
i_event=240000
i_event=250000
i_event=260000
i_event=270000
i_event=280000
i_event=290000
i_event=300000
i_event=310000
i_event=320000
i_event=330000
i_event=340000
i_event=350000
i_event=360000
i_event=370000
i_event=380000
i_event=390000
i_event=400000
i_event=410000
i_event=420000
i_event=430000
i_event=440000
i_event=450000
i_event=460000
i_event=470000
i_event=480000
i_event=490000
i_event=500000
i_event=510000
i_event=520000
i_event=530000
i_event=540000
i_event=550000
i_event=560000
i_event=570000
i_event=580000
i_event=590000
i_event=600000
i_event=610000
i_event=620000
i_event=630000
i_event=640000
i_event=650000
i_event=660000
i_event=670000
i_event=680000
i_event=690000
i_event=700000
i_event=710000
i_event=720000
i_event=730000
i_event=740000
i_event=750000
i_event=760000
i_event=770000
i_event=780000
i_event=790000
i_event=800000
i_event=810000
i_event=820000
i_event=830000
i_event=840000
i_event=850000
i_event=860000
i_event=870000
i_event=880000
i_event=890000
i_event=900000
i_event=910000
i_event=920000
i_event=930000
i_event=940000
i_event=950000
i_event=960000
i_event=970000
i_event=980000
i_event=990000
i_file=19
i_event=0
i_event=10000
i_event=20000
i_event=30000
i_event=40000
i_event=50000
i_event=60000
i_event=70000
i_event=80000
i_event=90000
i_event=100000
i_event=110000
i_event=120000
i_event=130000
i_event=140000
i_event=150000
i_event=160000
i_event=170000
i_event=180000
i_event=190000
i_event=200000
i_event=210000
i_event=220000
i_event=230000
i_event=240000
i_event=250000
i_event=260000
i_event=270000
i_event=280000
i_event=290000
i_event=300000
i_event=310000
i_event=320000
i_event=330000
i_event=340000
i_event=350000
i_event=360000
i_event=370000
i_event=380000
i_event=390000
i_event=400000
i_event=410000
i_event=420000
i_event=430000
i_event=440000
i_event=450000
i_event=460000
i_event=470000
i_event=480000
i_event=490000
i_event=500000
i_event=510000
i_event=520000
i_event=530000
i_event=540000
i_event=550000
i_event=560000
i_event=570000
i_event=580000
i_event=590000
i_event=600000
i_event=610000
i_event=620000
i_event=630000
i_event=640000
i_event=650000
i_event=660000
i_event=670000
i_event=680000
i_event=690000
i_event=700000
i_event=710000
i_event=720000
i_event=730000
i_event=740000
i_event=750000
i_event=760000
i_event=770000
i_event=780000
i_event=790000
i_event=800000
i_event=810000
i_event=820000
i_event=830000
i_event=840000
i_event=850000
i_event=860000
i_event=870000
i_event=880000
i_event=890000
i_event=900000
i_event=910000
i_event=920000
i_event=930000
i_event=940000
i_event=950000
i_event=960000
i_event=970000
i_event=980000
i_event=990000
i_file=20
i_event=0
i_event=10000
i_event=20000
i_event=30000
i_event=40000
i_event=50000
i_event=60000
i_event=70000
i_event=80000
i_event=90000
i_event=100000
i_event=110000
i_event=120000
i_event=130000
i_event=140000
i_event=150000
i_event=160000
i_event=170000
i_event=180000
i_event=190000
i_event=200000
i_event=210000
i_event=220000
i_event=230000
i_event=240000
i_event=250000
i_event=260000
i_event=270000
i_event=280000
i_event=290000
i_event=300000
i_event=310000
i_event=320000
i_event=330000
i_event=340000
i_event=350000
i_event=360000
i_event=370000
i_event=380000
i_event=390000
i_event=400000
i_event=410000
i_event=420000
i_event=430000
i_event=440000
i_event=450000
i_event=460000
i_event=470000
i_event=480000
i_event=490000
i_event=500000
i_event=510000
i_event=520000
i_event=530000
i_event=540000
i_event=550000
i_event=560000
i_event=570000
i_event=580000
i_event=590000
i_event=600000
i_event=610000
i_event=620000
i_event=630000
i_event=640000
i_event=650000
i_event=660000
i_event=670000
i_event=680000
i_event=690000
i_event=700000
i_event=710000
i_event=720000
i_event=730000
i_event=740000
i_event=750000
i_event=760000
i_event=770000
i_event=780000
i_event=790000
i_event=800000
i_event=810000
i_event=820000
i_event=830000
i_event=840000
i_event=850000
i_event=860000
i_event=870000
i_event=880000
i_event=890000
i_event=900000
i_event=910000
i_event=920000
i_event=930000
i_event=940000
i_event=950000
i_event=960000
i_event=970000
i_event=980000
i_event=990000
i_file=21
i_event=0
i_event=10000
i_event=20000
i_event=30000
i_event=40000
i_event=50000
i_event=60000
i_event=70000
i_event=80000
i_event=90000
i_event=100000
i_event=110000
i_event=120000
i_event=130000
i_event=140000
i_event=150000
i_event=160000
i_event=170000
i_event=180000
i_event=190000
i_event=200000
i_event=210000
i_event=220000
i_event=230000
i_event=240000
i_event=250000
i_event=260000
i_event=270000
i_event=280000
i_event=290000
i_event=300000
i_event=310000
i_event=320000
i_event=330000
i_event=340000
i_event=350000
i_event=360000
i_event=370000
i_event=380000
i_event=390000
i_event=400000
i_event=410000
i_event=420000
i_event=430000
i_event=440000
i_event=450000
i_event=460000
i_event=470000
i_event=480000
i_event=490000
i_event=500000
i_event=510000
i_event=520000
i_event=530000
i_event=540000
i_file=22
i_event=0
i_event=10000
i_event=20000
i_event=30000
i_event=40000
i_event=50000
i_event=60000
i_event=70000
i_event=80000
i_event=90000
i_event=100000
i_event=110000
i_event=120000
i_event=130000
i_event=140000
i_event=150000
i_event=160000
i_event=170000
i_event=180000
i_event=190000
i_event=200000
i_event=210000
i_event=220000
i_event=230000
i_event=240000
i_event=250000
i_event=260000
i_event=270000
i_event=280000
i_event=290000
i_event=300000
i_event=310000
i_event=320000
i_event=330000
i_event=340000
i_event=350000
i_event=360000
i_event=370000
i_event=380000
i_event=390000
i_event=400000
i_event=410000
i_event=420000
i_event=430000
i_event=440000
i_event=450000
i_event=460000
i_event=470000
i_event=480000
i_event=490000
i_event=500000
i_event=510000
i_event=520000
i_event=530000
i_event=540000
i_event=550000
i_event=560000
i_event=570000
i_event=580000
i_event=590000
i_event=600000
i_event=610000
i_event=620000
i_event=630000
i_event=640000
i_event=650000
i_event=660000
i_event=670000
i_event=680000
i_event=690000
i_event=700000
i_event=710000
i_event=720000
i_event=730000
i_event=740000
i_event=750000
i_event=760000
i_event=770000
i_event=780000
i_event=790000
i_event=800000
i_event=810000
i_event=820000
i_event=830000
i_event=840000
i_event=850000
i_event=860000
i_event=870000
i_event=880000
i_event=890000
i_event=900000
i_event=910000
i_event=920000
i_event=930000
i_event=940000
i_event=950000
i_event=960000
i_event=970000
i_event=980000
i_event=990000
i_file=23
i_event=0
i_event=10000
i_event=20000
i_event=30000
i_event=40000
i_event=50000
i_event=60000
i_event=70000
i_event=80000
i_event=90000
i_event=100000
i_event=110000
i_event=120000
i_event=130000
i_event=140000
i_event=150000
i_event=160000
i_event=170000
i_event=180000
i_event=190000
i_event=200000
i_event=210000
i_event=220000
i_event=230000
i_event=240000
i_event=250000
i_event=260000
i_event=270000
i_event=280000
i_event=290000
i_event=300000
i_event=310000
i_event=320000
i_event=330000
i_event=340000
i_event=350000
i_event=360000
i_event=370000
i_event=380000
i_event=390000
i_event=400000
i_event=410000
i_event=420000
i_event=430000
i_event=440000
i_event=450000
i_event=460000
i_event=470000
i_event=480000
i_event=490000
i_event=500000
i_event=510000
i_event=520000
i_event=530000
i_event=540000
i_event=550000
i_event=560000
i_event=570000
i_event=580000
i_event=590000
i_event=600000
i_event=610000
i_event=620000
i_event=630000
i_event=640000
i_event=650000
i_event=660000
i_event=670000
i_event=680000
i_event=690000
i_event=700000
i_event=710000
i_event=720000
i_event=730000
i_event=740000
i_event=750000
i_event=760000
i_event=770000
i_event=780000
i_event=790000
i_event=800000
i_event=810000
i_event=820000
i_event=830000
i_event=840000
i_event=850000
i_event=860000
i_event=870000
i_event=880000
i_event=890000
i_event=900000
i_event=910000
i_event=920000
i_event=930000
i_event=940000
i_event=950000
i_event=960000
i_event=970000
i_event=980000
i_event=990000
i_file=24
i_event=0
i_event=10000
i_event=20000
i_event=30000
i_event=40000
i_event=50000
i_event=60000
i_event=70000
i_event=80000
i_event=90000
i_event=100000
i_event=110000
i_event=120000
i_event=130000
i_event=140000
i_event=150000
i_event=160000
i_event=170000
i_event=180000
i_event=190000
i_event=200000
i_event=210000
i_event=220000
i_event=230000
i_event=240000
i_event=250000
i_event=260000
i_event=270000
i_event=280000
i_event=290000
i_event=300000
i_event=310000
i_event=320000
i_event=330000
i_event=340000
i_event=350000
i_event=360000
i_event=370000
i_event=380000
i_event=390000
i_event=400000
i_event=410000
i_event=420000
i_event=430000
i_event=440000
i_event=450000
i_event=460000
i_event=470000
i_event=480000
i_event=490000
i_event=500000
i_event=510000
i_event=520000
i_event=530000
i_event=540000
i_event=550000
i_event=560000
i_event=570000
i_event=580000
i_event=590000
i_event=600000
i_event=610000
i_event=620000
i_event=630000
i_event=640000
i_event=650000
i_event=660000
i_event=670000
i_event=680000
i_event=690000
i_event=700000
i_event=710000
i_event=720000
i_event=730000
i_event=740000
i_event=750000
i_event=760000
i_event=770000
i_event=780000
i_event=790000
i_event=800000
i_event=810000
i_event=820000
i_event=830000
i_event=840000
i_event=850000
i_event=860000
i_event=870000
i_event=880000
i_event=890000
i_event=900000
i_event=910000
i_event=920000
i_event=930000
i_event=940000
i_event=950000
i_event=960000
i_event=970000
i_event=980000
i_event=990000
i_file=25
i_event=0
i_event=10000
i_event=20000
i_event=30000
i_event=40000
i_event=50000
i_event=60000
i_event=70000
i_event=80000
i_event=90000
i_event=100000
i_event=110000
i_event=120000
i_event=130000
i_event=140000
i_event=150000
i_event=160000
i_event=170000
i_event=180000
i_event=190000
i_event=200000
i_event=210000
i_event=220000
i_event=230000
i_event=240000
i_event=250000
i_event=260000
i_event=270000
i_event=280000
i_event=290000
i_event=300000
i_event=310000
i_event=320000
i_event=330000
i_event=340000
i_event=350000
i_event=360000
i_event=370000
i_event=380000
i_event=390000
i_event=400000
i_event=410000
i_event=420000
i_event=430000
i_event=440000
i_event=450000
i_event=460000
i_event=470000
i_file=26
i_event=0
i_event=10000
i_event=20000
i_event=30000
i_event=40000
i_event=50000
i_event=60000
i_event=70000
i_event=80000
i_event=90000
i_event=100000
i_event=110000
i_event=120000
i_event=130000
i_event=140000
i_event=150000
i_event=160000
i_event=170000
i_event=180000
i_event=190000
i_event=200000
i_event=210000
i_event=220000
i_event=230000
i_event=240000
i_event=250000
i_event=260000
i_event=270000
i_event=280000
i_event=290000
i_event=300000
i_event=310000
i_event=320000
i_event=330000
i_event=340000
i_event=350000
i_event=360000
i_event=370000
i_event=380000
i_event=390000
i_event=400000
i_event=410000
i_event=420000
i_event=430000
i_event=440000
i_event=450000
i_event=460000
i_event=470000
i_event=480000
i_event=490000
i_event=500000
i_event=510000
i_event=520000
i_event=530000
i_event=540000
i_event=550000
i_event=560000
i_event=570000
i_event=580000
i_event=590000
i_event=600000
i_event=610000
i_event=620000
i_event=630000
i_event=640000
i_event=650000
i_event=660000
i_event=670000
i_event=680000
i_event=690000
i_event=700000
i_event=710000
i_event=720000
i_event=730000
i_event=740000
i_event=750000
i_event=760000
i_event=770000
i_event=780000
i_event=790000
i_event=800000
i_event=810000
i_event=820000
i_event=830000
i_event=840000
i_event=850000
i_event=860000
i_event=870000
i_event=880000
i_event=890000
i_event=900000
i_event=910000
i_event=920000
i_event=930000
i_event=940000
i_event=950000
i_event=960000
i_event=970000
i_event=980000
i_event=990000
i_file=27
i_event=0
i_event=10000
i_event=20000
i_event=30000
i_event=40000
i_event=50000
i_event=60000
i_event=70000
i_event=80000
i_event=90000
i_event=100000
i_event=110000
i_event=120000
i_event=130000
i_event=140000
i_event=150000
i_event=160000
i_event=170000
i_event=180000
i_event=190000
i_event=200000
i_event=210000
i_event=220000
i_event=230000
i_event=240000
i_event=250000
i_event=260000
i_event=270000
i_event=280000
i_event=290000
i_event=300000
i_event=310000
i_event=320000
i_event=330000
i_event=340000
i_event=350000
i_event=360000
i_event=370000
i_event=380000
i_event=390000
i_event=400000
i_event=410000
i_event=420000
i_event=430000
i_event=440000
i_event=450000
i_event=460000
i_event=470000
i_event=480000
i_event=490000
i_event=500000
i_event=510000
i_event=520000
i_event=530000
i_event=540000
i_event=550000
i_event=560000
i_event=570000
i_event=580000
i_event=590000
i_event=600000
i_event=610000
i_event=620000
i_event=630000
i_event=640000
i_event=650000
i_event=660000
i_event=670000
i_event=680000
i_event=690000
i_event=700000
i_event=710000
i_event=720000
i_event=730000
i_event=740000
i_event=750000
i_event=760000
i_event=770000
i_event=780000
i_event=790000
i_event=800000
i_event=810000
i_event=820000
i_event=830000
i_event=840000
i_event=850000
i_event=860000
i_event=870000
i_event=880000
i_event=890000
i_event=900000
i_event=910000
i_event=920000
i_event=930000
i_event=940000
i_event=950000
i_event=960000
i_event=970000
i_event=980000
i_event=990000
i_file=28
i_event=0
i_event=10000
i_event=20000
i_event=30000
i_event=40000
i_event=50000
i_event=60000
i_event=70000
i_event=80000
i_event=90000
i_event=100000
i_event=110000
i_event=120000
i_event=130000
i_event=140000
i_event=150000
i_event=160000
i_event=170000
i_event=180000
i_event=190000
i_event=200000
i_event=210000
i_event=220000
i_event=230000
i_event=240000
i_event=250000
i_event=260000
i_event=270000
i_event=280000
i_event=290000
i_event=300000
i_event=310000
i_event=320000
i_event=330000
i_event=340000
i_event=350000
i_event=360000
i_event=370000
i_event=380000
i_event=390000
i_event=400000
i_event=410000
i_event=420000
i_event=430000
i_event=440000
i_event=450000
i_event=460000
i_event=470000
i_event=480000
i_event=490000
i_event=500000
i_event=510000
i_event=520000
i_event=530000
i_event=540000
i_event=550000
i_event=560000
i_event=570000
i_event=580000
i_event=590000
i_event=600000
i_event=610000
i_event=620000
i_event=630000
i_event=640000
i_event=650000
i_event=660000
i_event=670000
i_event=680000
i_event=690000
i_event=700000
i_event=710000
i_event=720000
i_event=730000
i_event=740000
i_event=750000
i_event=760000
i_event=770000
i_event=780000
i_event=790000
i_event=800000
i_event=810000
i_event=820000
i_event=830000
i_event=840000
i_event=850000
i_event=860000
i_event=870000
i_event=880000
i_event=890000
i_event=900000
i_event=910000
i_event=920000
i_event=930000
i_event=940000
i_event=950000
i_event=960000
i_event=970000
i_event=980000
i_event=990000
i_file=29
i_event=0
i_event=10000
i_event=20000
i_event=30000
i_event=40000
i_event=50000
i_event=60000
i_event=70000
i_event=80000
i_event=90000
i_event=100000
i_event=110000
i_event=120000
i_event=130000
i_event=140000
i_event=150000
i_event=160000
i_event=170000
i_event=180000
i_event=190000
i_event=200000
i_event=210000
i_event=220000
i_event=230000
i_event=240000
i_event=250000
i_event=260000
i_event=270000
i_event=280000
i_event=290000
i_event=300000
i_event=310000
i_event=320000
i_event=330000
i_event=340000
i_event=350000
i_event=360000
i_event=370000
i_event=380000
i_event=390000
i_event=400000
i_event=410000
i_event=420000
i_event=430000
i_event=440000
i_event=450000
i_event=460000
i_event=470000
i_event=480000
i_event=490000
i_event=500000
i_event=510000
i_event=520000
i_event=530000
i_event=540000
i_event=550000
i_event=560000
i_event=570000
i_event=580000
i_event=590000
i_event=600000
i_event=610000
i_event=620000
i_event=630000
i_event=640000
i_event=650000
i_event=660000
i_event=670000
i_event=680000
i_event=690000
i_event=700000
i_event=710000
i_event=720000
i_event=730000
i_event=740000
i_event=750000
i_event=760000
i_event=770000
i_event=780000
i_event=790000
i_event=800000
i_event=810000
i_event=820000
i_event=830000
i_event=840000
i_event=850000
i_event=860000
i_event=870000
i_event=880000
i_event=890000
i_event=900000
i_event=910000
i_event=920000
i_event=930000
i_event=940000
i_event=950000
i_event=960000
i_event=970000
i_event=980000
i_event=990000
i_file=30
i_event=0
i_event=10000
i_event=20000
i_event=30000
i_event=40000
i_event=50000
i_event=60000
i_event=70000
i_event=80000
i_event=90000
i_event=100000
i_event=110000
i_event=120000
i_event=130000
i_event=140000
i_event=150000
i_event=160000
i_event=170000
i_event=180000
i_event=190000
i_event=200000
i_event=210000
i_event=220000
i_event=230000
i_event=240000
i_event=250000
i_event=260000
i_event=270000
i_event=280000
i_event=290000
i_event=300000
i_event=310000
i_event=320000
i_event=330000
i_event=340000
i_event=350000
i_event=360000
i_event=370000
i_event=380000
i_event=390000
i_event=400000
i_event=410000
i_event=420000
i_event=430000
i_event=440000
i_event=450000
i_event=460000
i_event=470000
i_event=480000
i_event=490000
i_event=500000
i_event=510000
i_event=520000
i_event=530000
i_event=540000
i_event=550000
i_event=560000
i_event=570000
i_event=580000
i_event=590000
i_event=600000
i_event=610000
i_event=620000
i_event=630000
i_event=640000
i_event=650000
i_event=660000
i_event=670000
i_event=680000
i_event=690000
i_event=700000
i_event=710000
i_event=720000
i_event=730000
i_event=740000
i_event=750000
i_event=760000
i_event=770000
i_event=780000
i_event=790000
i_event=800000
i_event=810000
i_event=820000
i_event=830000
i_event=840000
i_event=850000
i_event=860000
i_event=870000
i_event=880000
i_event=890000
i_event=900000
i_event=910000
i_event=920000
i_event=930000
i_event=940000
i_event=950000
i_event=960000
i_event=970000
i_event=980000
i_event=990000
i_file=31
i_event=0
i_event=10000
i_event=20000
i_event=30000
i_event=40000
i_event=50000
i_event=60000
i_event=70000
i_event=80000
i_event=90000
i_event=100000
i_event=110000
i_event=120000
i_event=130000
i_event=140000
i_event=150000
i_event=160000
i_event=170000
i_event=180000
i_event=190000
i_event=200000
i_event=210000
i_event=220000
i_event=230000
i_event=240000
i_event=250000
i_event=260000
i_event=270000
i_event=280000
i_event=290000
i_event=300000
i_event=310000
i_event=320000
i_event=330000
i_event=340000
i_event=350000
i_event=360000
i_event=370000
i_event=380000
i_event=390000
i_event=400000
i_event=410000
i_event=420000
i_event=430000
i_event=440000
i_event=450000
i_event=460000
i_event=470000
i_event=480000
i_event=490000
i_event=500000
i_event=510000
i_event=520000
i_event=530000
i_event=540000
i_event=550000
i_event=560000
i_event=570000
i_event=580000
i_event=590000
i_event=600000
i_event=610000
i_event=620000
i_event=630000
i_event=640000
i_event=650000
i_event=660000
i_event=670000
i_event=680000
i_event=690000
i_event=700000
i_event=710000
i_event=720000
i_event=730000
i_event=740000
i_event=750000
i_event=760000
i_event=770000
i_event=780000
i_event=790000
i_event=800000
i_event=810000
i_event=820000
i_event=830000
i_event=840000
i_event=850000
i_event=860000
i_event=870000
i_event=880000
i_event=890000
i_event=900000
i_event=910000
i_event=920000
i_event=930000
i_event=940000
i_event=950000
i_event=960000
i_event=970000
i_event=980000
i_event=990000
i_file=32
i_event=0
i_event=10000
i_event=20000
i_event=30000
i_event=40000
i_event=50000
i_event=60000
i_event=70000
i_event=80000
i_event=90000
i_event=100000
i_event=110000
i_event=120000
i_event=130000
i_event=140000
i_event=150000
i_event=160000
i_event=170000
i_event=180000
i_event=190000
i_event=200000
i_event=210000
i_event=220000
i_event=230000
i_event=240000
i_event=250000
i_event=260000
i_event=270000
i_event=280000
i_event=290000
i_event=300000
i_event=310000
i_event=320000
i_event=330000
i_event=340000
i_event=350000
i_event=360000
i_event=370000
i_event=380000
i_event=390000
i_event=400000
i_event=410000
i_event=420000
i_event=430000
i_event=440000
i_event=450000
i_event=460000
i_event=470000
i_event=480000
i_event=490000
i_event=500000
i_event=510000
i_event=520000
i_event=530000
i_event=540000
i_event=550000
i_event=560000
i_event=570000
i_event=580000
i_event=590000
i_event=600000
i_event=610000
i_event=620000
i_event=630000
i_event=640000
i_event=650000
i_event=660000
i_event=670000
i_event=680000
i_event=690000
i_event=700000
i_event=710000
i_event=720000
i_event=730000
i_event=740000
i_event=750000
i_event=760000
i_event=770000
i_event=780000
i_event=790000
i_event=800000
i_event=810000
i_event=820000
i_event=830000
i_event=840000
i_event=850000
i_event=860000
i_event=870000
i_event=880000
i_event=890000
i_event=900000
i_event=910000
i_event=920000
i_event=930000
i_event=940000
i_event=950000
i_event=960000
i_event=970000
i_event=980000
i_event=990000
i_file=33
i_event=0
i_event=10000
i_event=20000
i_event=30000
i_event=40000
i_event=50000
i_event=60000
i_event=70000
i_event=80000
i_event=90000
i_event=100000
i_event=110000
i_event=120000
i_event=130000
i_event=140000
i_event=150000
i_event=160000
i_event=170000
i_event=180000
i_event=190000
i_event=200000
i_event=210000
i_event=220000
i_event=230000
i_event=240000
i_event=250000
i_event=260000
i_event=270000
i_event=280000
i_event=290000
i_event=300000
i_event=310000
i_event=320000
i_event=330000
i_event=340000
i_event=350000
i_event=360000
i_event=370000
i_event=380000
i_event=390000
i_event=400000
i_event=410000
i_event=420000
i_event=430000
i_event=440000
i_event=450000
i_event=460000
i_event=470000
i_event=480000
i_event=490000
i_event=500000
i_event=510000
i_event=520000
i_event=530000
i_event=540000
i_event=550000
i_event=560000
i_event=570000
i_event=580000
i_event=590000
i_event=600000
i_event=610000
i_event=620000
i_event=630000
i_event=640000
i_event=650000
i_event=660000
i_event=670000
i_event=680000
i_event=690000
i_event=700000
i_event=710000
i_event=720000
i_event=730000
i_event=740000
i_event=750000
i_event=760000
i_event=770000
i_event=780000
i_event=790000
i_event=800000
i_event=810000
i_event=820000
i_event=830000
i_event=840000
i_event=850000
i_event=860000
i_event=870000
i_event=880000
i_event=890000
i_event=900000
i_event=910000
i_event=920000
i_event=930000
i_event=940000
i_event=950000
i_event=960000
i_event=970000
i_event=980000
i_event=990000
i_file=34
i_event=0
i_event=10000
i_event=20000
i_event=30000
i_event=40000
i_event=50000
i_event=60000
i_event=70000
i_event=80000
i_event=90000
i_event=100000
i_event=110000
i_event=120000
i_event=130000
i_event=140000
i_event=150000
i_event=160000
i_event=170000
i_event=180000
i_event=190000
i_event=200000
i_event=210000
i_event=220000
i_event=230000
i_event=240000
i_event=250000
i_event=260000
i_event=270000
i_event=280000
i_event=290000
i_event=300000
i_event=310000
i_event=320000
i_event=330000
i_event=340000
i_event=350000
i_event=360000
i_event=370000
i_event=380000
i_event=390000
i_event=400000
i_event=410000
i_event=420000
i_event=430000
i_event=440000
i_event=450000
i_event=460000
i_event=470000
i_event=480000
i_event=490000
i_event=500000
i_event=510000
i_event=520000
i_event=530000
i_event=540000
i_event=550000
i_event=560000
i_event=570000
i_event=580000
i_event=590000
i_event=600000
i_event=610000
i_event=620000
i_event=630000
i_event=640000
i_event=650000
i_event=660000
i_event=670000
i_event=680000
i_event=690000
i_event=700000
i_event=710000
i_event=720000
i_event=730000
i_event=740000
i_event=750000
i_event=760000
i_event=770000
i_event=780000
i_event=790000
i_event=800000
i_event=810000
i_event=820000
i_event=830000
i_event=840000
i_event=850000
i_event=860000
i_event=870000
i_event=880000
i_event=890000
i_event=900000
i_event=910000
i_event=920000
i_event=930000
i_event=940000
i_event=950000
i_event=960000
i_event=970000
i_event=980000
i_event=990000
i_file=35
i_event=0
i_event=10000
i_event=20000
i_event=30000
i_event=40000
i_event=50000
i_event=60000
i_event=70000
i_event=80000
i_event=90000
i_event=100000
i_event=110000
i_event=120000
i_event=130000
i_event=140000
i_event=150000
i_event=160000
i_event=170000
i_event=180000
i_event=190000
i_event=200000
i_event=210000
i_event=220000
i_event=230000
i_event=240000
i_event=250000
i_event=260000
i_event=270000
i_event=280000
i_event=290000
i_event=300000
i_event=310000
i_event=320000
i_event=330000
i_event=340000
i_event=350000
i_event=360000
i_event=370000
i_event=380000
i_event=390000
i_event=400000
i_event=410000
i_event=420000
i_event=430000
i_event=440000
i_event=450000
i_event=460000
i_event=470000
i_event=480000
i_event=490000
i_event=500000
i_event=510000
i_event=520000
i_event=530000
i_event=540000
i_event=550000
i_event=560000
i_event=570000
i_event=580000
i_event=590000
i_event=600000
i_event=610000
i_event=620000
i_event=630000
i_event=640000
i_event=650000
i_event=660000
i_event=670000
i_event=680000
i_event=690000
i_event=700000
i_event=710000
i_event=720000
i_event=730000
i_event=740000
i_event=750000
i_event=760000
i_event=770000
i_event=780000
i_event=790000
i_event=800000
i_event=810000
i_event=820000
i_event=830000
i_event=840000
i_event=850000
i_event=860000
i_event=870000
i_event=880000
i_event=890000
i_event=900000
i_event=910000
i_event=920000
i_event=930000
i_event=940000
i_event=950000
i_event=960000
i_event=970000
i_event=980000
i_event=990000
i_file=36
i_event=0
i_event=10000
i_event=20000
i_event=30000
i_event=40000
i_event=50000
i_event=60000
i_event=70000
i_event=80000
i_event=90000
i_event=100000
i_event=110000
i_event=120000
i_event=130000
i_event=140000
i_event=150000
i_event=160000
i_event=170000
i_event=180000
i_event=190000
i_event=200000
i_event=210000
i_event=220000
i_event=230000
i_event=240000
i_event=250000
i_event=260000
i_event=270000
i_event=280000
i_event=290000
i_event=300000
i_event=310000
i_event=320000
i_event=330000
i_event=340000
i_event=350000
i_event=360000
i_event=370000
i_event=380000
i_event=390000
i_event=400000
i_event=410000
i_event=420000
i_event=430000
i_event=440000
i_event=450000
i_event=460000
i_event=470000
i_event=480000
i_event=490000
i_event=500000
i_event=510000
i_event=520000
i_event=530000
i_event=540000
i_event=550000
i_event=560000
i_event=570000
i_event=580000
i_event=590000
i_event=600000
i_event=610000
i_event=620000
i_event=630000
i_event=640000
i_event=650000
i_event=660000
i_event=670000
i_event=680000
i_event=690000
i_event=700000
i_event=710000
i_event=720000
i_event=730000
i_event=740000
i_event=750000
i_event=760000
i_event=770000
i_event=780000
i_event=790000
i_event=800000
i_event=810000
i_event=820000
i_event=830000
i_event=840000
i_event=850000
i_event=860000
i_event=870000
i_event=880000
i_event=890000
i_event=900000
i_event=910000
i_event=920000
i_event=930000
i_event=940000
i_event=950000
i_event=960000
i_event=970000
i_event=980000
i_event=990000
i_file=37
i_event=0
i_event=10000
i_event=20000
i_event=30000
i_event=40000
i_event=50000
i_event=60000
i_event=70000
i_event=80000
i_event=90000
i_event=100000
i_event=110000
i_event=120000
i_event=130000
i_event=140000
i_event=150000
i_event=160000
i_event=170000
i_event=180000
i_event=190000
i_event=200000
i_event=210000
i_event=220000
i_event=230000
i_event=240000
i_event=250000
i_event=260000
i_event=270000
i_event=280000
i_event=290000
i_event=300000
i_event=310000
i_event=320000
i_event=330000
i_event=340000
i_event=350000
i_event=360000
i_event=370000
i_event=380000
i_event=390000
i_event=400000
i_event=410000
i_event=420000
i_event=430000
i_event=440000
i_event=450000
i_event=460000
i_event=470000
i_event=480000
i_event=490000
i_event=500000
i_event=510000
i_event=520000
i_event=530000
i_event=540000
i_event=550000
i_event=560000
i_event=570000
i_event=580000
i_event=590000
i_event=600000
i_event=610000
i_event=620000
i_event=630000
i_event=640000
i_event=650000
i_event=660000
i_event=670000
i_event=680000
i_event=690000
i_event=700000
i_event=710000
i_event=720000
i_event=730000
i_event=740000
i_event=750000
i_event=760000
i_event=770000
i_event=780000
i_event=790000
i_event=800000
i_event=810000
i_event=820000
i_event=830000
i_event=840000
i_event=850000
i_event=860000
i_event=870000
i_event=880000
i_event=890000
i_event=900000
i_event=910000
i_event=920000
i_event=930000
i_event=940000
i_event=950000
i_event=960000
i_event=970000
i_event=980000
i_event=990000
i_file=38
i_event=0
i_event=10000
i_event=20000
i_event=30000
i_event=40000
i_event=50000
i_event=60000
i_event=70000
i_event=80000
i_event=90000
i_event=100000
i_event=110000
i_event=120000
i_event=130000
i_event=140000
i_event=150000
i_event=160000
i_event=170000
i_event=180000
i_event=190000
i_event=200000
i_event=210000
i_event=220000
i_event=230000
i_event=240000
i_event=250000
i_event=260000
i_event=270000
i_event=280000
i_event=290000
i_event=300000
i_event=310000
i_event=320000
i_event=330000
i_event=340000
i_event=350000
i_event=360000
i_event=370000
i_event=380000
i_event=390000
i_event=400000
i_event=410000
i_event=420000
i_event=430000
i_event=440000
i_event=450000
i_event=460000
i_event=470000
i_event=480000
i_event=490000
i_event=500000
i_event=510000
i_event=520000
i_event=530000
i_event=540000
i_event=550000
i_event=560000
i_event=570000
i_event=580000
i_event=590000
i_event=600000
i_event=610000
i_event=620000
i_event=630000
i_event=640000
i_event=650000
i_event=660000
i_event=670000
i_event=680000
i_event=690000
i_event=700000
i_event=710000
i_event=720000
i_event=730000
i_event=740000
i_event=750000
i_event=760000
i_event=770000
i_event=780000
i_event=790000
i_event=800000
i_event=810000
i_event=820000
i_event=830000
i_event=840000
i_event=850000
i_event=860000
i_event=870000
i_event=880000
i_event=890000
i_event=900000
i_event=910000
i_event=920000
i_event=930000
i_event=940000
i_event=950000
i_event=960000
i_event=970000
i_event=980000
i_event=990000
i_file=39
i_event=0
i_event=10000
i_event=20000
i_event=30000
i_event=40000
i_event=50000
i_event=60000
i_event=70000
i_event=80000
i_event=90000
i_event=100000
i_event=110000
i_event=120000
i_event=130000
i_event=140000
i_event=150000
i_event=160000
i_event=170000
i_event=180000
i_event=190000
i_event=200000
i_event=210000
i_event=220000
i_event=230000
i_event=240000
i_event=250000
i_event=260000
i_event=270000
i_event=280000
i_event=290000
i_event=300000
i_event=310000
i_event=320000
i_event=330000
i_event=340000
i_event=350000
i_event=360000
i_event=370000
i_event=380000
i_event=390000
i_event=400000
i_event=410000
i_event=420000
i_event=430000
i_event=440000
i_event=450000
i_event=460000
i_event=470000
i_event=480000
i_event=490000
i_event=500000
i_event=510000
i_event=520000
i_event=530000
i_event=540000
i_event=550000
i_event=560000
i_event=570000
i_event=580000
i_event=590000
i_event=600000
i_event=610000
i_event=620000
i_event=630000
i_event=640000
i_event=650000
i_event=660000
i_event=670000
i_event=680000
i_event=690000
i_event=700000
i_event=710000
i_event=720000
i_event=730000
i_event=740000
i_event=750000
i_event=760000
i_event=770000
i_event=780000
i_event=790000
i_event=800000
i_event=810000
i_event=820000
i_event=830000
i_event=840000
i_event=850000
i_event=860000
i_event=870000
i_event=880000
i_event=890000
i_event=900000
i_event=910000
i_event=920000
i_event=930000
i_event=940000
i_event=950000
i_event=960000
i_event=970000
i_event=980000
i_event=990000
i_file=40
i_event=0
i_event=10000
i_event=20000
i_event=30000
i_event=40000
i_event=50000
i_event=60000
i_event=70000
i_event=80000
i_event=90000
i_event=100000
i_event=110000
i_event=120000
i_event=130000
i_event=140000
i_event=150000
i_event=160000
i_event=170000
i_event=180000
i_event=190000
i_event=200000
i_event=210000
i_event=220000
i_event=230000
i_event=240000
i_event=250000
i_event=260000
i_event=270000
i_event=280000
i_event=290000
i_event=300000
i_event=310000
i_event=320000
i_event=330000
i_event=340000
i_event=350000
i_event=360000
i_event=370000
i_event=380000
i_event=390000
i_event=400000
i_event=410000
i_event=420000
i_event=430000
i_event=440000
i_event=450000
i_event=460000
i_event=470000
i_event=480000
i_event=490000
i_event=500000
i_event=510000
i_event=520000
i_event=530000
i_event=540000
i_event=550000
i_event=560000
i_event=570000
i_event=580000
i_event=590000
i_event=600000
i_event=610000
i_event=620000
i_event=630000
i_event=640000
i_event=650000
i_event=660000
i_event=670000
i_event=680000
i_event=690000
i_event=700000
i_event=710000
i_event=720000
i_event=730000
i_event=740000
i_event=750000
i_event=760000
i_event=770000
i_event=780000
i_event=790000
i_event=800000
i_event=810000
i_event=820000
i_event=830000
i_event=840000
i_event=850000
i_event=860000
i_event=870000
i_event=880000
i_event=890000
i_event=900000
i_event=910000
i_event=920000
i_event=930000
i_event=940000
i_event=950000
i_event=960000
i_event=970000
i_event=980000
i_event=990000
i_file=41
i_event=0
i_event=10000
i_event=20000
i_event=30000
i_event=40000
i_event=50000
i_event=60000
i_event=70000
i_event=80000
i_event=90000
i_event=100000
i_event=110000
i_event=120000
i_event=130000
i_event=140000
i_event=150000
i_event=160000
i_event=170000
i_event=180000
i_event=190000
i_event=200000
i_event=210000
i_event=220000
i_event=230000
i_event=240000
i_event=250000
i_event=260000
i_event=270000
i_event=280000
i_event=290000
i_event=300000
i_event=310000
i_event=320000
i_event=330000
i_event=340000
i_event=350000
i_event=360000
i_event=370000
i_event=380000
i_event=390000
i_event=400000
i_event=410000
i_event=420000
i_event=430000
i_event=440000
i_event=450000
i_event=460000
i_event=470000
i_event=480000
i_event=490000
i_event=500000
i_event=510000
i_event=520000
i_event=530000
i_event=540000
i_event=550000
i_event=560000
i_event=570000
i_event=580000
i_event=590000
i_event=600000
i_event=610000
i_event=620000
i_event=630000
i_event=640000
i_event=650000
i_event=660000
i_event=670000
i_event=680000
i_event=690000
i_event=700000
i_event=710000
i_event=720000
i_event=730000
i_event=740000
i_event=750000
i_event=760000
i_event=770000
i_event=780000
i_event=790000
i_event=800000
i_event=810000
i_event=820000
i_event=830000
i_event=840000
i_event=850000
i_event=860000
i_event=870000
i_event=880000
i_event=890000
i_event=900000
i_event=910000
i_event=920000
i_event=930000
i_event=940000
i_event=950000
i_event=960000
i_event=970000
i_event=980000
i_event=990000
i_file=42
i_event=0
i_event=10000
i_event=20000
i_event=30000
i_event=40000
i_event=50000
i_event=60000
i_event=70000
i_event=80000
i_event=90000
i_event=100000
i_event=110000
i_event=120000
i_event=130000
i_event=140000
i_event=150000
i_event=160000
i_event=170000
i_event=180000
i_event=190000
i_event=200000
i_event=210000
i_event=220000
i_event=230000
i_event=240000
i_event=250000
i_event=260000
i_event=270000
i_event=280000
i_event=290000
i_event=300000
i_event=310000
i_event=320000
i_event=330000
i_event=340000
i_event=350000
i_event=360000
i_event=370000
i_event=380000
i_event=390000
i_event=400000
i_event=410000
i_event=420000
i_event=430000
i_event=440000
i_event=450000
i_event=460000
i_event=470000
i_event=480000
i_event=490000
i_event=500000
i_event=510000
i_event=520000
i_event=530000
i_event=540000
i_event=550000
i_event=560000
i_event=570000
i_event=580000
i_event=590000
i_event=600000
i_event=610000
i_event=620000
i_event=630000
i_event=640000
i_event=650000
i_event=660000
i_event=670000
i_event=680000
i_event=690000
i_event=700000
i_event=710000
i_event=720000
i_event=730000
i_event=740000
i_event=750000
i_event=760000
i_event=770000
i_event=780000
i_event=790000
i_event=800000
i_event=810000
i_event=820000
i_event=830000
i_event=840000
i_event=850000
i_event=860000
i_event=870000
i_event=880000
i_event=890000
i_event=900000
i_event=910000
i_event=920000
i_event=930000
i_event=940000
i_event=950000
i_event=960000
i_event=970000
i_event=980000
i_event=990000
i_file=43
i_event=0
i_event=10000
i_event=20000
i_event=30000
i_event=40000
i_event=50000
i_event=60000
i_event=70000
i_event=80000
i_event=90000
i_event=100000
i_event=110000
i_event=120000
i_event=130000
i_event=140000
i_event=150000
i_event=160000
i_event=170000
i_event=180000
i_event=190000
i_event=200000
i_event=210000
i_event=220000
i_event=230000
i_event=240000
i_event=250000
i_event=260000
i_event=270000
i_event=280000
i_event=290000
i_event=300000
i_event=310000
i_event=320000
i_event=330000
i_event=340000
i_event=350000
i_event=360000
i_event=370000
i_event=380000
i_event=390000
i_event=400000
i_event=410000
i_event=420000
i_event=430000
i_event=440000
i_event=450000
i_event=460000
i_event=470000
i_event=480000
i_event=490000
i_event=500000
i_event=510000
i_event=520000
i_event=530000
i_event=540000
i_event=550000
i_event=560000
i_event=570000
i_event=580000
i_event=590000
i_event=600000
i_event=610000
i_event=620000
i_event=630000
i_event=640000
i_event=650000
i_event=660000
i_event=670000
i_event=680000
i_event=690000
i_event=700000
i_event=710000
i_event=720000
i_event=730000
i_event=740000
i_event=750000
i_event=760000
i_event=770000
i_event=780000
i_event=790000
i_event=800000
i_event=810000
i_event=820000
i_event=830000
i_event=840000
i_event=850000
i_event=860000
i_event=870000
i_event=880000
i_event=890000
i_event=900000
i_event=910000
i_event=920000
i_event=930000
i_event=940000
i_event=950000
i_event=960000
i_event=970000
i_event=980000
i_event=990000
i_file=44
i_event=0
i_event=10000
i_event=20000
i_event=30000
i_event=40000
i_event=50000
i_event=60000
i_event=70000
i_event=80000
i_event=90000
i_event=100000
i_event=110000
i_event=120000
i_event=130000
i_event=140000
i_event=150000
i_event=160000
i_event=170000
i_event=180000
i_event=190000
i_event=200000
i_event=210000
i_event=220000
i_event=230000
i_event=240000
i_event=250000
i_event=260000
i_event=270000
i_event=280000
i_event=290000
i_event=300000
i_event=310000
i_event=320000
i_event=330000
i_event=340000
i_event=350000
i_event=360000
i_event=370000
i_event=380000
i_event=390000
i_event=400000
i_event=410000
i_event=420000
i_event=430000
i_event=440000
i_event=450000
i_event=460000
i_event=470000
i_event=480000
i_event=490000
i_event=500000
i_event=510000
i_event=520000
i_event=530000
i_event=540000
i_event=550000
i_event=560000
i_event=570000
i_event=580000
i_event=590000
i_event=600000
i_event=610000
i_event=620000
i_event=630000
i_event=640000
i_event=650000
i_event=660000
i_event=670000
i_event=680000
i_event=690000
i_event=700000
i_event=710000
i_event=720000
i_event=730000
i_event=740000
i_event=750000
i_event=760000
i_event=770000
i_event=780000
i_event=790000
i_event=800000
i_event=810000
i_event=820000
i_event=830000
i_event=840000
i_event=850000
i_event=860000
i_event=870000
i_event=880000
i_event=890000
i_event=900000
i_event=910000
i_event=920000
i_event=930000
i_event=940000
i_event=950000
i_event=960000
i_event=970000
i_event=980000
i_event=990000
i_file=45
i_event=0
i_event=10000
i_event=20000
i_event=30000
i_event=40000
i_event=50000
i_event=60000
i_event=70000
i_event=80000
i_event=90000
i_event=100000
i_event=110000
i_event=120000
i_event=130000
i_event=140000
i_event=150000
i_event=160000
i_event=170000
i_event=180000
i_event=190000
i_event=200000
i_event=210000
i_event=220000
i_event=230000
i_event=240000
i_event=250000
i_event=260000
i_event=270000
i_event=280000
i_event=290000
i_event=300000
i_event=310000
i_event=320000
i_event=330000
i_event=340000
i_event=350000
i_event=360000
i_event=370000
i_event=380000
i_event=390000
i_event=400000
i_event=410000
i_event=420000
i_event=430000
i_event=440000
i_event=450000
i_event=460000
i_event=470000
i_event=480000
i_event=490000
i_event=500000
i_event=510000
i_event=520000
i_event=530000
i_event=540000
i_event=550000
i_event=560000
i_event=570000
i_event=580000
i_event=590000
i_event=600000
i_event=610000
i_event=620000
i_event=630000
i_event=640000
i_event=650000
i_event=660000
i_event=670000
i_event=680000
i_event=690000
i_event=700000
i_event=710000
i_event=720000
i_event=730000
i_event=740000
i_event=750000
i_event=760000
i_event=770000
i_event=780000
i_event=790000
i_event=800000
i_event=810000
i_event=820000
i_event=830000
i_event=840000
i_event=850000
i_event=860000
i_event=870000
i_event=880000
i_event=890000
i_event=900000
i_event=910000
i_event=920000
i_event=930000
i_event=940000
i_event=950000
i_event=960000
i_event=970000
i_event=980000
i_event=990000
i_file=46
i_event=0
i_event=10000
i_event=20000
i_event=30000
i_event=40000
i_event=50000
i_event=60000
i_event=70000
i_event=80000
i_event=90000
i_event=100000
i_event=110000
i_event=120000
i_event=130000
i_event=140000
i_event=150000
i_event=160000
i_event=170000
i_event=180000
i_event=190000
i_event=200000
i_event=210000
i_event=220000
i_event=230000
i_event=240000
i_event=250000
i_event=260000
i_event=270000
i_event=280000
i_event=290000
i_event=300000
i_event=310000
i_event=320000
i_event=330000
i_event=340000
i_event=350000
i_event=360000
i_event=370000
i_event=380000
i_event=390000
i_event=400000
i_event=410000
i_event=420000
i_event=430000
i_event=440000
i_event=450000
i_event=460000
i_event=470000
i_event=480000
i_event=490000
i_event=500000
i_event=510000
i_event=520000
i_event=530000
i_event=540000
i_event=550000
i_event=560000
i_event=570000
i_event=580000
i_event=590000
i_event=600000
i_event=610000
i_event=620000
i_event=630000
i_event=640000
i_event=650000
i_event=660000
i_event=670000
i_event=680000
i_event=690000
i_event=700000
i_event=710000
i_event=720000
i_event=730000
i_event=740000
i_event=750000
i_event=760000
i_event=770000
i_event=780000
i_event=790000
i_event=800000
i_event=810000
i_event=820000
i_event=830000
i_event=840000
i_event=850000
i_event=860000
i_event=870000
i_event=880000
i_event=890000
i_event=900000
i_event=910000
i_event=920000

This is the end of STAR ROOT -- Goodbye

